<?xml version="1.0" encoding="UTF-8"?>
<Site BuildName="Win32-ninja"
	BuildStamp="20240318-0657-Experimental"
	Name="DESKTOP-QA0R021"
	Generator="ctest-3.28.1"
	CompilerName="C:/Program Files/LLVM/bin/clang++.exe"
	CompilerVersion="12.0.0"
	OSName="Windows"
	Hostname="DESKTOP-QA0R021"
	OSRelease=" Professional"
	OSVersion=" (Build 19045)"
	OSPlatform="AMD64"
	Is64Bits="1"
	VendorString=""
	VendorID="Unknown Manufacturer"
	FamilyID="0"
	ModelID="0"
	ProcessorCacheSize="0"
	NumberOfLogicalCPU="8"
	NumberOfPhysicalCPU="4"
	TotalVirtualMemory="18131"
	TotalPhysicalMemory="11219"
	LogicalProcessorsPerPhysical="2"
	ProcessorClockFrequency="2196"
	>
	<Testing>
		<StartDateTime>Mar 18 10:03 RTZ 2 ([NON-UTF-8-BYTE-0xE7][NON-UTF-8-BYTE-0xE8][NON-UTF-8-BYTE-0xEC][NON-UTF-8-BYTE-0xE0])</StartDateTime>
		<StartTestTime>1710745426</StartTestTime>
		<TestList/>
		<EndDateTime>Mar 18 10:03 RTZ 2 ([NON-UTF-8-BYTE-0xE7][NON-UTF-8-BYTE-0xE8][NON-UTF-8-BYTE-0xEC][NON-UTF-8-BYTE-0xE0])</EndDateTime>
		<EndTestTime>1710745426</EndTestTime>
		<ElapsedMinutes>0</ElapsedMinutes>
	</Testing>
</Site>
